<?xml version="1.0" encoding="UTF-8"?>
<coverage generated="1699528362930" clover="3.2.0">
  <project timestamp="1699528362931" name="All files">
    <metrics statements="26" coveredstatements="23" conditionals="21" coveredconditionals="18" methods="6" coveredmethods="5" elements="53" coveredelements="46" complexity="0" loc="26" ncloc="26" packages="1" files="6" classes="6"/>
    <file name="input.js" path="D:\programming\VsCode-Workspace\Courses\Jest\input.js">
      <metrics statements="16" coveredstatements="14" conditionals="15" coveredconditionals="12" methods="1" coveredmethods="1"/>
      <line num="9" count="4" type="cond" truecount="4" falsecount="0"/>
      <line num="10" count="1" type="stmt"/>
      <line num="12" count="4" type="cond" truecount="2" falsecount="0"/>
      <line num="13" count="1" type="stmt"/>
      <line num="15" count="4" type="cond" truecount="1" falsecount="1"/>
      <line num="17" count="4" type="stmt"/>
      <line num="18" count="7" type="cond" truecount="2" falsecount="0"/>
      <line num="19" count="4" type="stmt"/>
      <line num="20" count="4" type="stmt"/>
      <line num="23" count="4" type="stmt"/>
      <line num="25" count="4" type="cond" truecount="1" falsecount="1"/>
      <line num="26" count="0" type="stmt"/>
      <line num="28" count="4" type="cond" truecount="1" falsecount="1"/>
      <line num="29" count="0" type="stmt"/>
      <line num="31" count="4" type="stmt"/>
      <line num="34" count="1" type="stmt"/>
    </file>
    <file name="matchers.js" path="D:\programming\VsCode-Workspace\Courses\Jest\matchers.js">
      <metrics statements="2" coveredstatements="2" conditionals="0" coveredconditionals="0" methods="0" coveredmethods="0"/>
      <line num="1" count="5" type="stmt"/>
      <line num="3" count="5" type="stmt"/>
    </file>
    <file name="mock.js" path="D:\programming\VsCode-Workspace\Courses\Jest\mock.js">
      <metrics statements="2" coveredstatements="1" conditionals="0" coveredconditionals="0" methods="1" coveredmethods="0"/>
      <line num="2" count="0" type="stmt"/>
      <line num="5" count="1" type="stmt"/>
    </file>
    <file name="sayHi.js" path="D:\programming\VsCode-Workspace\Courses\Jest\sayHi.js">
      <metrics statements="2" coveredstatements="2" conditionals="0" coveredconditionals="0" methods="1" coveredmethods="1"/>
      <line num="2" count="1" type="stmt"/>
      <line num="5" count="1" type="stmt"/>
    </file>
    <file name="sum.js" path="D:\programming\VsCode-Workspace\Courses\Jest\sum.js">
      <metrics statements="2" coveredstatements="2" conditionals="6" coveredconditionals="6" methods="1" coveredmethods="1"/>
      <line num="2" count="4" type="cond" truecount="6" falsecount="0"/>
      <line num="5" count="1" type="stmt"/>
    </file>
    <file name="sum2.js" path="D:\programming\VsCode-Workspace\Courses\Jest\sum2.js">
      <metrics statements="2" coveredstatements="2" conditionals="0" coveredconditionals="0" methods="2" coveredmethods="2"/>
      <line num="2" count="6" type="stmt"/>
      <line num="5" count="1" type="stmt"/>
    </file>
  </project>
</coverage>
