{"D:\\programming\\VsCode-Workspace\\Courses\\Jest\\input.js": {"path":"D:\\programming\\VsCode-Workspace\\Courses\\Jest\\input.js","statementMap":{"0":{"start":{"line":9,"column":4},"end":{"line":11,"column":5}},"1":{"start":{"line":10,"column":8},"end":{"line":10,"column":27}},"2":{"start":{"line":12,"column":4},"end":{"line":14,"column":5}},"3":{"start":{"line":13,"column":8},"end":{"line":13,"column":29}},"4":{"start":{"line":15,"column":4},"end":{"line":24,"column":5}},"5":{"start":{"line":17,"column":8},"end":{"line":22,"column":9}},"6":{"start":{"line":17,"column":21},"end":{"line":17,"column":22}},"7":{"start":{"line":18,"column":12},"end":{"line":21,"column":13}},"8":{"start":{"line":19,"column":16},"end":{"line":19,"column":39}},"9":{"start":{"line":20,"column":16},"end":{"line":20,"column":22}},"10":{"start":{"line":23,"column":8},"end":{"line":23,"column":46}},"11":{"start":{"line":25,"column":4},"end":{"line":27,"column":5}},"12":{"start":{"line":26,"column":8},"end":{"line":26,"column":36}},"13":{"start":{"line":28,"column":4},"end":{"line":30,"column":5}},"14":{"start":{"line":29,"column":8},"end":{"line":29,"column":41}},"15":{"start":{"line":31,"column":4},"end":{"line":31,"column":16}},"16":{"start":{"line":34,"column":0},"end":{"line":34,"column":28}}},"fnMap":{"0":{"name":"filterName","decl":{"start":{"line":8,"column":9},"end":{"line":8,"column":19}},"loc":{"start":{"line":8,"column":38},"end":{"line":32,"column":1}},"line":8}},"branchMap":{"0":{"loc":{"start":{"line":8,"column":20},"end":{"line":8,"column":36}},"type":"default-arg","locations":[{"start":{"line":8,"column":27},"end":{"line":8,"column":36}}],"line":8},"1":{"loc":{"start":{"line":9,"column":4},"end":{"line":11,"column":5}},"type":"if","locations":[{"start":{"line":9,"column":4},"end":{"line":11,"column":5}},{"start":{},"end":{}}],"line":9},"2":{"loc":{"start":{"line":9,"column":8},"end":{"line":9,"column":50}},"type":"binary-expr","locations":[{"start":{"line":9,"column":8},"end":{"line":9,"column":28}},{"start":{"line":9,"column":32},"end":{"line":9,"column":50}}],"line":9},"3":{"loc":{"start":{"line":12,"column":4},"end":{"line":14,"column":5}},"type":"if","locations":[{"start":{"line":12,"column":4},"end":{"line":14,"column":5}},{"start":{},"end":{}}],"line":12},"4":{"loc":{"start":{"line":15,"column":4},"end":{"line":24,"column":5}},"type":"if","locations":[{"start":{"line":15,"column":4},"end":{"line":24,"column":5}},{"start":{},"end":{}}],"line":15},"5":{"loc":{"start":{"line":18,"column":12},"end":{"line":21,"column":13}},"type":"if","locations":[{"start":{"line":18,"column":12},"end":{"line":21,"column":13}},{"start":{},"end":{}}],"line":18},"6":{"loc":{"start":{"line":25,"column":4},"end":{"line":27,"column":5}},"type":"if","locations":[{"start":{"line":25,"column":4},"end":{"line":27,"column":5}},{"start":{},"end":{}}],"line":25},"7":{"loc":{"start":{"line":28,"column":4},"end":{"line":30,"column":5}},"type":"if","locations":[{"start":{"line":28,"column":4},"end":{"line":30,"column":5}},{"start":{},"end":{}}],"line":28}},"s":{"0":4,"1":1,"2":4,"3":1,"4":4,"5":4,"6":4,"7":7,"8":4,"9":4,"10":4,"11":4,"12":0,"13":4,"14":0,"15":4,"16":1},"f":{"0":4},"b":{"0":[1],"1":[1,3],"2":[4,3],"3":[1,3],"4":[4,0],"5":[4,3],"6":[0,4],"7":[0,4]},"_coverageSchema":"1a1c01bbd47fc00a2c39e90264f33305004495a9","hash":"a8239c0576562af2d2c9b40b0907575776c69425"}
,"D:\\programming\\VsCode-Workspace\\Courses\\Jest\\matchers.js": {"path":"D:\\programming\\VsCode-Workspace\\Courses\\Jest\\matchers.js","statementMap":{"0":{"start":{"line":1,"column":15},"end":{"line":1,"column":33}},"1":{"start":{"line":3,"column":0},"end":{"line":3,"column":24}}},"fnMap":{},"branchMap":{},"s":{"0":5,"1":5},"f":{},"b":{},"_coverageSchema":"1a1c01bbd47fc00a2c39e90264f33305004495a9","hash":"b0f0eb05c4fc1ab1dd0e56504f86777d084781fe"}
,"D:\\programming\\VsCode-Workspace\\Courses\\Jest\\mock.js": {"path":"D:\\programming\\VsCode-Workspace\\Courses\\Jest\\mock.js","statementMap":{"0":{"start":{"line":2,"column":4},"end":{"line":2,"column":26}},"1":{"start":{"line":5,"column":0},"end":{"line":5,"column":26}}},"fnMap":{"0":{"name":"sayHello","decl":{"start":{"line":1,"column":9},"end":{"line":1,"column":17}},"loc":{"start":{"line":1,"column":24},"end":{"line":3,"column":1}},"line":1}},"branchMap":{},"s":{"0":0,"1":1},"f":{"0":0},"b":{},"_coverageSchema":"1a1c01bbd47fc00a2c39e90264f33305004495a9","hash":"7c879a47d3a811824a17a846720c21c38eb05927"}
,"D:\\programming\\VsCode-Workspace\\Courses\\Jest\\sayHi.js": {"path":"D:\\programming\\VsCode-Workspace\\Courses\\Jest\\sayHi.js","statementMap":{"0":{"start":{"line":2,"column":4},"end":{"line":2,"column":24}},"1":{"start":{"line":5,"column":0},"end":{"line":5,"column":26}}},"fnMap":{"0":{"name":"sayHello","decl":{"start":{"line":1,"column":9},"end":{"line":1,"column":17}},"loc":{"start":{"line":1,"column":20},"end":{"line":3,"column":1}},"line":1}},"branchMap":{},"s":{"0":1,"1":1},"f":{"0":1},"b":{},"_coverageSchema":"1a1c01bbd47fc00a2c39e90264f33305004495a9","hash":"55a39d48257347a85400197157fde4f20d73a134"}
,"D:\\programming\\VsCode-Workspace\\Courses\\Jest\\sum.js": {"path":"D:\\programming\\VsCode-Workspace\\Courses\\Jest\\sum.js","statementMap":{"0":{"start":{"line":2,"column":4},"end":{"line":2,"column":56}},"1":{"start":{"line":5,"column":0},"end":{"line":5,"column":21}}},"fnMap":{"0":{"name":"sum","decl":{"start":{"line":1,"column":9},"end":{"line":1,"column":12}},"loc":{"start":{"line":1,"column":31},"end":{"line":3,"column":1}},"line":1}},"branchMap":{"0":{"loc":{"start":{"line":2,"column":12},"end":{"line":2,"column":21}},"type":"binary-expr","locations":[{"start":{"line":2,"column":12},"end":{"line":2,"column":16}},{"start":{"line":2,"column":20},"end":{"line":2,"column":21}}],"line":2},"1":{"loc":{"start":{"line":2,"column":26},"end":{"line":2,"column":38}},"type":"binary-expr","locations":[{"start":{"line":2,"column":26},"end":{"line":2,"column":30}},{"start":{"line":2,"column":34},"end":{"line":2,"column":38}}],"line":2},"2":{"loc":{"start":{"line":2,"column":43},"end":{"line":2,"column":55}},"type":"binary-expr","locations":[{"start":{"line":2,"column":43},"end":{"line":2,"column":47}},{"start":{"line":2,"column":51},"end":{"line":2,"column":55}}],"line":2}},"s":{"0":4,"1":1},"f":{"0":4},"b":{"0":[4,1],"1":[4,2],"2":[4,3]},"_coverageSchema":"1a1c01bbd47fc00a2c39e90264f33305004495a9","hash":"c5ab454f1c0c4d9c61fed132834ba4d1171769fa"}
,"D:\\programming\\VsCode-Workspace\\Courses\\Jest\\sum2.js": {"path":"D:\\programming\\VsCode-Workspace\\Courses\\Jest\\sum2.js","statementMap":{"0":{"start":{"line":2,"column":4},"end":{"line":2,"column":49}},"1":{"start":{"line":2,"column":38},"end":{"line":2,"column":45}},"2":{"start":{"line":5,"column":0},"end":{"line":5,"column":21}}},"fnMap":{"0":{"name":"sum","decl":{"start":{"line":1,"column":9},"end":{"line":1,"column":12}},"loc":{"start":{"line":1,"column":25},"end":{"line":3,"column":1}},"line":1},"1":{"name":"(anonymous_1)","decl":{"start":{"line":2,"column":26},"end":{"line":2,"column":27}},"loc":{"start":{"line":2,"column":38},"end":{"line":2,"column":45}},"line":2}},"branchMap":{},"s":{"0":4,"1":6,"2":1},"f":{"0":4,"1":6},"b":{},"_coverageSchema":"1a1c01bbd47fc00a2c39e90264f33305004495a9","hash":"81ccca238f28b024f328290e35ca61e11c214fd0"}
}
