TN:
SF:input.js
FN:8,filterName
FNF:1
FNH:1
FNDA:4,filterName
DA:9,4
DA:10,1
DA:12,4
DA:13,1
DA:15,4
DA:17,4
DA:18,7
DA:19,4
DA:20,4
DA:23,4
DA:25,4
DA:26,0
DA:28,4
DA:29,0
DA:31,4
DA:34,1
LF:16
LH:14
BRDA:8,0,0,1
BRDA:9,1,0,1
BRDA:9,1,1,3
BRDA:9,2,0,4
BRDA:9,2,1,3
BRDA:12,3,0,1
BRDA:12,3,1,3
BRDA:15,4,0,4
BRDA:15,4,1,0
BRDA:18,5,0,4
BRDA:18,5,1,3
BRDA:25,6,0,0
BRDA:25,6,1,4
BRDA:28,7,0,0
BRDA:28,7,1,4
BRF:15
BRH:12
end_of_record
TN:
SF:matchers.js
FNF:0
FNH:0
DA:1,5
DA:3,5
LF:2
LH:2
BRF:0
BRH:0
end_of_record
TN:
SF:mock.js
FN:1,sayHello
FNF:1
FNH:0
FNDA:0,sayHello
DA:2,0
DA:5,1
LF:2
LH:1
BRF:0
BRH:0
end_of_record
TN:
SF:sayHi.js
FN:1,sayHello
FNF:1
FNH:1
FNDA:1,sayHello
DA:2,1
DA:5,1
LF:2
LH:2
BRF:0
BRH:0
end_of_record
TN:
SF:sum.js
FN:1,sum
FNF:1
FNH:1
FNDA:4,sum
DA:2,4
DA:5,1
LF:2
LH:2
BRDA:2,0,0,4
BRDA:2,0,1,1
BRDA:2,1,0,4
BRDA:2,1,1,2
BRDA:2,2,0,4
BRDA:2,2,1,3
BRF:6
BRH:6
end_of_record
TN:
SF:sum2.js
FN:1,sum
FN:2,(anonymous_1)
FNF:2
FNH:2
FNDA:4,sum
FNDA:6,(anonymous_1)
DA:2,6
DA:5,1
LF:2
LH:2
BRF:0
BRH:0
end_of_record
